\BOOKMARK [0][-]{chapter.1}{Simpson's Paradox}{}% 1
\BOOKMARK [1][-]{section.1.1}{Introduction and description of the problem}{chapter.1}% 2
\BOOKMARK [1][-]{section.1.2}{Exercise}{chapter.1}% 3
\BOOKMARK [0][-]{chapter.2}{Descriptive statistics }{}% 4
\BOOKMARK [1][-]{section.2.1}{Introduction and description of the problem}{chapter.2}% 5
\BOOKMARK [1][-]{section.2.2}{Exercise}{chapter.2}% 6
\BOOKMARK [0][-]{chapter.3}{Distribution of a data}{}% 7
\BOOKMARK [1][-]{section.3.1}{Introduction and description of the problem}{chapter.3}% 8
\BOOKMARK [1][-]{section.3.2}{Exercise}{chapter.3}% 9
\BOOKMARK [0][-]{chapter.4}{Maximum Likelihood estimation}{}% 10
\BOOKMARK [1][-]{section.4.1}{Introduction and description of the problem}{chapter.4}% 11
\BOOKMARK [1][-]{section.4.2}{Exercise}{chapter.4}% 12
\BOOKMARK [0][-]{chapter.5}{Tests for categorical data }{}% 13
\BOOKMARK [1][-]{section.5.1}{Introduction and description of the problem}{chapter.5}% 14
\BOOKMARK [1][-]{section.5.2}{Exercise}{chapter.5}% 15
\BOOKMARK [0][-]{chapter.6}{Tests for quantitative data}{}% 16
\BOOKMARK [1][-]{section.6.1}{Introduction and description of the problem}{chapter.6}% 17
\BOOKMARK [1][-]{section.6.2}{Exercise}{chapter.6}% 18
\BOOKMARK [0][-]{chapter.7}{Linear regression}{}% 19
\BOOKMARK [1][-]{section.7.1}{Introduction and description of the problem}{chapter.7}% 20
\BOOKMARK [1][-]{section.7.2}{Exercise}{chapter.7}% 21
\BOOKMARK [0][-]{chapter.8}{Logistic regression }{}% 22
\BOOKMARK [1][-]{section.8.1}{Introduction and description of the problem}{chapter.8}% 23
\BOOKMARK [1][-]{section.8.2}{Exercise}{chapter.8}% 24
\BOOKMARK [0][-]{chapter.9}{Penalised regression}{}% 25
\BOOKMARK [1][-]{section.9.1}{Introduction and description of the problem}{chapter.9}% 26
\BOOKMARK [1][-]{section.9.2}{Exercise}{chapter.9}% 27
\BOOKMARK [0][-]{chapter.10}{Principal component analysis}{}% 28
\BOOKMARK [1][-]{section.10.1}{Introduction and description of the problem}{chapter.10}% 29
\BOOKMARK [1][-]{section.10.2}{Exercise}{chapter.10}% 30
