This is pdfTeX, Version 3.14159265-2.6-1.40.19 (MiKTeX 2.9.6800 64-bit) (preloaded format=pdflatex 2018.9.17)  31 OCT 2018 17:27
entering extended mode
**./StochasticsLabCourse1.tex
(StochasticsLabCourse1.tex
LaTeX2e <2018-04-01> patch level 5
("C:\Program Files\MiKTeX 2.9\tex\latex\base\report.cls"
Document Class: report 2014/09/29 v1.4h Standard LaTeX document class
("C:\Program Files\MiKTeX 2.9\tex\latex\base\size10.clo"
File: size10.clo 2014/09/29 v1.4h Standard LaTeX file (size option)
)
\c@part=\count80
\c@chapter=\count81
\c@section=\count82
\c@subsection=\count83
\c@subsubsection=\count84
\c@paragraph=\count85
\c@subparagraph=\count86
\c@figure=\count87
\c@table=\count88
\abovecaptionskip=\skip41
\belowcaptionskip=\skip42
\bibindent=\dimen102
)
("C:\Program Files\MiKTeX 2.9\tex\latex\base\inputenc.sty"
Package: inputenc 2018/04/06 v1.3b Input encoding file
\inpenc@prehook=\toks14
\inpenc@posthook=\toks15

("C:\Program Files\MiKTeX 2.9\tex\latex\base\latin1.def"
File: latin1.def 2018/04/06 v1.3b Input encoding file
))
("C:\Program Files\MiKTeX 2.9\tex\latex\base\fontenc.sty"
Package: fontenc 2017/04/05 v2.0i Standard LaTeX package

("C:\Program Files\MiKTeX 2.9\tex\latex\base\t1enc.def"
File: t1enc.def 2017/04/05 v2.0i Standard LaTeX file
LaTeX Font Info:    Redeclaring font encoding T1 on input line 48.
))
("C:\Program Files\MiKTeX 2.9\tex\latex\amsmath\amsmath.sty"
Package: amsmath 2017/09/02 v2.17a AMS math features
\@mathmargin=\skip43

For additional information on amsmath, use the `?' option.
("C:\Program Files\MiKTeX 2.9\tex\latex\amsmath\amstext.sty"
Package: amstext 2000/06/29 v2.01 AMS text

("C:\Program Files\MiKTeX 2.9\tex\latex\amsmath\amsgen.sty"
File: amsgen.sty 1999/11/30 v2.0 generic functions
\@emptytoks=\toks16
\ex@=\dimen103
))
("C:\Program Files\MiKTeX 2.9\tex\latex\amsmath\amsbsy.sty"
Package: amsbsy 1999/11/29 v1.2d Bold Symbols
\pmbraise@=\dimen104
)
("C:\Program Files\MiKTeX 2.9\tex\latex\amsmath\amsopn.sty"
Package: amsopn 2016/03/08 v2.02 operator names
)
\inf@bad=\count89
LaTeX Info: Redefining \frac on input line 213.
\uproot@=\count90
\leftroot@=\count91
LaTeX Info: Redefining \overline on input line 375.
\classnum@=\count92
\DOTSCASE@=\count93
LaTeX Info: Redefining \ldots on input line 472.
LaTeX Info: Redefining \dots on input line 475.
LaTeX Info: Redefining \cdots on input line 596.
\Mathstrutbox@=\box26
\strutbox@=\box27
\big@size=\dimen105
LaTeX Font Info:    Redeclaring font encoding OML on input line 712.
LaTeX Font Info:    Redeclaring font encoding OMS on input line 713.
\macc@depth=\count94
\c@MaxMatrixCols=\count95
\dotsspace@=\muskip10
\c@parentequation=\count96
\dspbrk@lvl=\count97
\tag@help=\toks17
\row@=\count98
\column@=\count99
\maxfields@=\count100
\andhelp@=\toks18
\eqnshift@=\dimen106
\alignsep@=\dimen107
\tagshift@=\dimen108
\tagwidth@=\dimen109
\totwidth@=\dimen110
\lineht@=\dimen111
\@envbody=\toks19
\multlinegap=\skip44
\multlinetaggap=\skip45
\mathdisplay@stack=\toks20
LaTeX Info: Redefining \[ on input line 2817.
LaTeX Info: Redefining \] on input line 2818.
)
("C:\Program Files\MiKTeX 2.9\tex\latex\amsfonts\amssymb.sty"
Package: amssymb 2013/01/14 v3.01 AMS font symbols

("C:\Program Files\MiKTeX 2.9\tex\latex\amsfonts\amsfonts.sty"
Package: amsfonts 2013/01/14 v3.01 Basic AMSFonts support
\symAMSa=\mathgroup4
\symAMSb=\mathgroup5
LaTeX Font Info:    Overwriting math alphabet `\mathfrak' in version `bold'
(Font)                  U/euf/m/n --> U/euf/b/n on input line 106.
))
("C:\Program Files\MiKTeX 2.9\tex\latex\geometry\geometry.sty"
Package: geometry 2018/04/16 v5.8 Page Geometry

("C:\Program Files\MiKTeX 2.9\tex\latex\graphics\keyval.sty"
Package: keyval 2014/10/28 v1.15 key=value parser (DPC)
\KV@toks@=\toks21
)
("C:\Program Files\MiKTeX 2.9\tex\generic\oberdiek\ifpdf.sty"
Package: ifpdf 2017/03/15 v3.2 Provides the ifpdf switch
)
("C:\Program Files\MiKTeX 2.9\tex\generic\oberdiek\ifvtex.sty"
Package: ifvtex 2016/05/16 v1.6 Detect VTeX and its facilities (HO)
Package ifvtex Info: VTeX not detected.
)
("C:\Program Files\MiKTeX 2.9\tex\generic\ifxetex\ifxetex.sty"
Package: ifxetex 2010/09/12 v0.6 Provides ifxetex conditional
)
\Gm@cnth=\count101
\Gm@cntv=\count102
\c@Gm@tempcnt=\count103
\Gm@bindingoffset=\dimen112
\Gm@wd@mp=\dimen113
\Gm@odd@mp=\dimen114
\Gm@even@mp=\dimen115
\Gm@layoutwidth=\dimen116
\Gm@layoutheight=\dimen117
\Gm@layouthoffset=\dimen118
\Gm@layoutvoffset=\dimen119
\Gm@dimlist=\toks22

("C:\Program Files\MiKTeX 2.9\tex\latex\geometry\geometry.cfg"))
("C:\Program Files\MiKTeX 2.9\tex\latex\lm\lmodern.sty"
Package: lmodern 2009/10/30 v1.6 Latin Modern Fonts
LaTeX Font Info:    Overwriting symbol font `operators' in version `normal'
(Font)                  OT1/cmr/m/n --> OT1/lmr/m/n on input line 22.
LaTeX Font Info:    Overwriting symbol font `letters' in version `normal'
(Font)                  OML/cmm/m/it --> OML/lmm/m/it on input line 23.
LaTeX Font Info:    Overwriting symbol font `symbols' in version `normal'
(Font)                  OMS/cmsy/m/n --> OMS/lmsy/m/n on input line 24.
LaTeX Font Info:    Overwriting symbol font `largesymbols' in version `normal'
(Font)                  OMX/cmex/m/n --> OMX/lmex/m/n on input line 25.
LaTeX Font Info:    Overwriting symbol font `operators' in version `bold'
(Font)                  OT1/cmr/bx/n --> OT1/lmr/bx/n on input line 26.
LaTeX Font Info:    Overwriting symbol font `letters' in version `bold'
(Font)                  OML/cmm/b/it --> OML/lmm/b/it on input line 27.
LaTeX Font Info:    Overwriting symbol font `symbols' in version `bold'
(Font)                  OMS/cmsy/b/n --> OMS/lmsy/b/n on input line 28.
LaTeX Font Info:    Overwriting symbol font `largesymbols' in version `bold'
(Font)                  OMX/cmex/m/n --> OMX/lmex/m/n on input line 29.
LaTeX Font Info:    Overwriting math alphabet `\mathbf' in version `normal'
(Font)                  OT1/cmr/bx/n --> OT1/lmr/bx/n on input line 31.
LaTeX Font Info:    Overwriting math alphabet `\mathsf' in version `normal'
(Font)                  OT1/cmss/m/n --> OT1/lmss/m/n on input line 32.
LaTeX Font Info:    Overwriting math alphabet `\mathit' in version `normal'
(Font)                  OT1/cmr/m/it --> OT1/lmr/m/it on input line 33.
LaTeX Font Info:    Overwriting math alphabet `\mathtt' in version `normal'
(Font)                  OT1/cmtt/m/n --> OT1/lmtt/m/n on input line 34.
LaTeX Font Info:    Overwriting math alphabet `\mathbf' in version `bold'
(Font)                  OT1/cmr/bx/n --> OT1/lmr/bx/n on input line 35.
LaTeX Font Info:    Overwriting math alphabet `\mathsf' in version `bold'
(Font)                  OT1/cmss/bx/n --> OT1/lmss/bx/n on input line 36.
LaTeX Font Info:    Overwriting math alphabet `\mathit' in version `bold'
(Font)                  OT1/cmr/bx/it --> OT1/lmr/bx/it on input line 37.
LaTeX Font Info:    Overwriting math alphabet `\mathtt' in version `bold'
(Font)                  OT1/cmtt/m/n --> OT1/lmtt/m/n on input line 38.
)
("C:\Program Files\MiKTeX 2.9\tex\latex\enumitem\enumitem.sty"
Package: enumitem 2011/09/28 v3.5.2 Customized lists
\labelindent=\skip46
\enit@outerparindent=\dimen120
\enit@toks=\toks23
\enit@inbox=\box28
\enitdp@description=\count104
)
("C:\Program Files\MiKTeX 2.9\tex\latex\float\float.sty"
Package: float 2001/11/08 v1.3d Float enhancements (AL)
\c@float@type=\count105
\float@exts=\toks24
\float@box=\box29
\@float@everytoks=\toks25
\@floatcapt=\box30
)
("C:\Program Files\MiKTeX 2.9\tex\latex\graphics\graphicx.sty"
Package: graphicx 2017/06/01 v1.1a Enhanced LaTeX Graphics (DPC,SPQR)

("C:\Program Files\MiKTeX 2.9\tex\latex\graphics\graphics.sty"
Package: graphics 2017/06/25 v1.2c Standard LaTeX Graphics (DPC,SPQR)

("C:\Program Files\MiKTeX 2.9\tex\latex\graphics\trig.sty"
Package: trig 2016/01/03 v1.10 sin cos tan (DPC)
)
("C:\Program Files\MiKTeX 2.9\tex\latex\graphics-cfg\graphics.cfg"
File: graphics.cfg 2016/06/04 v1.11 sample graphics configuration
)
Package graphics Info: Driver file: pdftex.def on input line 99.

("C:\Program Files\MiKTeX 2.9\tex\latex\graphics-def\pdftex.def"
File: pdftex.def 2018/01/08 v1.0l Graphics/color driver for pdftex
))
\Gin@req@height=\dimen121
\Gin@req@width=\dimen122
)
("C:\Program Files\MiKTeX 2.9\tex\latex\hyperref\hyperref.sty"
Package: hyperref 2018/02/06 v6.86b Hypertext links for LaTeX

("C:\Program Files\MiKTeX 2.9\tex\generic\oberdiek\hobsub-hyperref.sty"
Package: hobsub-hyperref 2016/05/16 v1.14 Bundle oberdiek, subset hyperref (HO)


("C:\Program Files\MiKTeX 2.9\tex\generic\oberdiek\hobsub-generic.sty"
Package: hobsub-generic 2016/05/16 v1.14 Bundle oberdiek, subset generic (HO)
Package: hobsub 2016/05/16 v1.14 Construct package bundles (HO)
Package: infwarerr 2016/05/16 v1.4 Providing info/warning/error messages (HO)
Package: ltxcmds 2016/05/16 v1.23 LaTeX kernel commands for general use (HO)
Package: ifluatex 2016/05/16 v1.4 Provides the ifluatex switch (HO)
Package ifluatex Info: LuaTeX not detected.
Package hobsub Info: Skipping package `ifvtex' (already loaded).
Package: intcalc 2016/05/16 v1.2 Expandable calculations with integers (HO)
Package hobsub Info: Skipping package `ifpdf' (already loaded).
Package: etexcmds 2016/05/16 v1.6 Avoid name clashes with e-TeX commands (HO)
Package etexcmds Info: Could not find \expanded.
(etexcmds)             That can mean that you are not using pdfTeX 1.50 or
(etexcmds)             that some package has redefined \expanded.
(etexcmds)             In the latter case, load this package earlier.
Package: kvsetkeys 2016/05/16 v1.17 Key value parser (HO)
Package: kvdefinekeys 2016/05/16 v1.4 Define keys (HO)
Package: pdftexcmds 2018/01/30 v0.27 Utility functions of pdfTeX for LuaTeX (HO
)
Package pdftexcmds Info: LuaTeX not detected.
Package pdftexcmds Info: \pdf@primitive is available.
Package pdftexcmds Info: \pdf@ifprimitive is available.
Package pdftexcmds Info: \pdfdraftmode found.
Package: pdfescape 2016/05/16 v1.14 Implements pdfTeX's escape features (HO)
Package: bigintcalc 2016/05/16 v1.4 Expandable calculations on big integers (HO
)
Package: bitset 2016/05/16 v1.2 Handle bit-vector datatype (HO)
Package: uniquecounter 2016/05/16 v1.3 Provide unlimited unique counter (HO)
)
Package hobsub Info: Skipping package `hobsub' (already loaded).
Package: letltxmacro 2016/05/16 v1.5 Let assignment for LaTeX macros (HO)
Package: hopatch 2016/05/16 v1.3 Wrapper for package hooks (HO)
Package: xcolor-patch 2016/05/16 xcolor patch
Package: atveryend 2016/05/16 v1.9 Hooks at the very end of document (HO)
Package atveryend Info: \enddocument detected (standard20110627).
Package: atbegshi 2016/06/09 v1.18 At begin shipout hook (HO)
Package: refcount 2016/05/16 v3.5 Data extraction from label references (HO)
Package: hycolor 2016/05/16 v1.8 Color options for hyperref/bookmark (HO)
)
("C:\Program Files\MiKTeX 2.9\tex\latex\oberdiek\auxhook.sty"
Package: auxhook 2016/05/16 v1.4 Hooks for auxiliary files (HO)
)
("C:\Program Files\MiKTeX 2.9\tex\latex\oberdiek\kvoptions.sty"
Package: kvoptions 2016/05/16 v3.12 Key value format for package options (HO)
)
\@linkdim=\dimen123
\Hy@linkcounter=\count106
\Hy@pagecounter=\count107

("C:\Program Files\MiKTeX 2.9\tex\latex\hyperref\pd1enc.def"
File: pd1enc.def 2018/02/06 v6.86b Hyperref: PDFDocEncoding definition (HO)
Now handling font encoding PD1 ...
... no UTF-8 mapping file for font encoding PD1
)
\Hy@SavedSpaceFactor=\count108

("C:\Program Files\MiKTeX 2.9\tex\latex\00miktex\hyperref.cfg"
File: hyperref.cfg 2002/06/06 v1.2 hyperref configuration of TeXLive
)
Package hyperref Info: Hyper figures OFF on input line 4509.
Package hyperref Info: Link nesting OFF on input line 4514.
Package hyperref Info: Hyper index ON on input line 4517.
Package hyperref Info: Plain pages OFF on input line 4524.
Package hyperref Info: Backreferencing OFF on input line 4529.
Package hyperref Info: Implicit mode ON; LaTeX internals redefined.
Package hyperref Info: Bookmarks ON on input line 4762.
\c@Hy@tempcnt=\count109

("C:\Program Files\MiKTeX 2.9\tex\latex\url\url.sty"
\Urlmuskip=\muskip11
Package: url 2013/09/16  ver 3.4  Verb mode for urls, etc.
)
LaTeX Info: Redefining \url on input line 5115.
\XeTeXLinkMargin=\dimen124
\Fld@menulength=\count110
\Field@Width=\dimen125
\Fld@charsize=\dimen126
Package hyperref Info: Hyper figures OFF on input line 6369.
Package hyperref Info: Link nesting OFF on input line 6374.
Package hyperref Info: Hyper index ON on input line 6377.
Package hyperref Info: backreferencing OFF on input line 6384.
Package hyperref Info: Link coloring OFF on input line 6389.
Package hyperref Info: Link coloring with OCG OFF on input line 6394.
Package hyperref Info: PDF/A mode OFF on input line 6399.
LaTeX Info: Redefining \ref on input line 6439.
LaTeX Info: Redefining \pageref on input line 6443.
\Hy@abspage=\count111
\c@Item=\count112
\c@Hfootnote=\count113
)
Package hyperref Info: Driver (autodetected): hpdftex.

("C:\Program Files\MiKTeX 2.9\tex\latex\hyperref\hpdftex.def"
File: hpdftex.def 2018/02/06 v6.86b Hyperref driver for pdfTeX
\Fld@listcount=\count114
\c@bookmark@seq@number=\count115

("C:\Program Files\MiKTeX 2.9\tex\latex\oberdiek\rerunfilecheck.sty"
Package: rerunfilecheck 2016/05/16 v1.8 Rerun checks for auxiliary files (HO)
Package uniquecounter Info: New unique counter `rerunfilecheck' on input line 2
82.
)
\Hy@SectionHShift=\skip47
)
(StochasticsLabCourse1.aux)
\openout1 = `StochasticsLabCourse1.aux'.

LaTeX Font Info:    Checking defaults for OML/cmm/m/it on input line 17.
LaTeX Font Info:    ... okay on input line 17.
LaTeX Font Info:    Checking defaults for T1/cmr/m/n on input line 17.
LaTeX Font Info:    ... okay on input line 17.
LaTeX Font Info:    Checking defaults for OT1/cmr/m/n on input line 17.
LaTeX Font Info:    ... okay on input line 17.
LaTeX Font Info:    Checking defaults for OMS/cmsy/m/n on input line 17.
LaTeX Font Info:    ... okay on input line 17.
LaTeX Font Info:    Checking defaults for OMX/cmex/m/n on input line 17.
LaTeX Font Info:    ... okay on input line 17.
LaTeX Font Info:    Checking defaults for U/cmr/m/n on input line 17.
LaTeX Font Info:    ... okay on input line 17.
LaTeX Font Info:    Checking defaults for PD1/pdf/m/n on input line 17.
LaTeX Font Info:    ... okay on input line 17.
LaTeX Font Info:    Try loading font information for T1+lmr on input line 17.
 ("C:\Program Files\MiKTeX 2.9\tex\latex\lm\t1lmr.fd"
File: t1lmr.fd 2009/10/30 v1.6 Font defs for Latin Modern
)
*geometry* driver: auto-detecting
*geometry* detected driver: pdftex
*geometry* verbose mode - [ preamble ] result:
* driver: pdftex
* paper: <default>
* layout: <same size as paper>
* layoutoffset:(h,v)=(0.0pt,0.0pt)
* modes: 
* h-part:(L,W,R)=(85.35826pt, 443.57848pt, 85.35826pt)
* v-part:(T,H,B)=(142.26378pt, 510.44243pt, 142.26378pt)
* \paperwidth=614.295pt
* \paperheight=794.96999pt
* \textwidth=443.57848pt
* \textheight=510.44243pt
* \oddsidemargin=13.08827pt
* \evensidemargin=13.08827pt
* \topmargin=32.99379pt
* \headheight=12.0pt
* \headsep=25.0pt
* \topskip=10.0pt
* \footskip=30.0pt
* \marginparwidth=65.0pt
* \marginparsep=11.0pt
* \columnsep=10.0pt
* \skip\footins=9.0pt plus 4.0pt minus 2.0pt
* \hoffset=0.0pt
* \voffset=0.0pt
* \mag=1000
* \@twocolumnfalse
* \@twosidefalse
* \@mparswitchfalse
* \@reversemarginfalse
* (1in=72.27pt=25.4mm, 1cm=28.453pt)

("C:\Program Files\MiKTeX 2.9\tex\context\base\supp-pdf.mkii"
[Loading MPS to PDF converter (version 2006.09.02).]
\scratchcounter=\count116
\scratchdimen=\dimen127
\scratchbox=\box31
\nofMPsegments=\count117
\nofMParguments=\count118
\everyMPshowfont=\toks26
\MPscratchCnt=\count119
\MPscratchDim=\dimen128
\MPnumerator=\count120
\makeMPintoPDFobject=\count121
\everyMPtoPDFconversion=\toks27
) ("C:\Program Files\MiKTeX 2.9\tex\latex\oberdiek\epstopdf-base.sty"
Package: epstopdf-base 2016/05/15 v2.6 Base part for package epstopdf

("C:\Program Files\MiKTeX 2.9\tex\latex\oberdiek\grfext.sty"
Package: grfext 2016/05/16 v1.2 Manage graphics extensions (HO)
)
Package epstopdf-base Info: Redefining graphics rule for `.eps' on input line 4
38.
Package grfext Info: Graphics extension search list:
(grfext)             [.pdf,.png,.jpg,.mps,.jpeg,.jbig2,.jb2,.PDF,.PNG,.JPG,.JPE
G,.JBIG2,.JB2,.eps]
(grfext)             \AppendGraphicsExtensions on input line 456.
)
\AtBeginShipoutBox=\box32
Package hyperref Info: Link coloring OFF on input line 17.

("C:\Program Files\MiKTeX 2.9\tex\latex\hyperref\nameref.sty"
Package: nameref 2016/05/21 v2.44 Cross-referencing by name of section

("C:\Program Files\MiKTeX 2.9\tex\generic\oberdiek\gettitlestring.sty"
Package: gettitlestring 2016/05/16 v1.5 Cleanup title references (HO)
)
\c@section@level=\count122
)
LaTeX Info: Redefining \ref on input line 17.
LaTeX Info: Redefining \pageref on input line 17.
LaTeX Info: Redefining \nameref on input line 17.

(StochasticsLabCourse1.out) (StochasticsLabCourse1.out)
\@outlinefile=\write3
\openout3 = `StochasticsLabCourse1.out'.

LaTeX Font Info:    Try loading font information for OT1+lmr on input line 20.

("C:\Program Files\MiKTeX 2.9\tex\latex\lm\ot1lmr.fd"
File: ot1lmr.fd 2009/10/30 v1.6 Font defs for Latin Modern
)
LaTeX Font Info:    Try loading font information for OML+lmm on input line 20.

("C:\Program Files\MiKTeX 2.9\tex\latex\lm\omllmm.fd"
File: omllmm.fd 2009/10/30 v1.6 Font defs for Latin Modern
)
LaTeX Font Info:    Try loading font information for OMS+lmsy on input line 20.


("C:\Program Files\MiKTeX 2.9\tex\latex\lm\omslmsy.fd"
File: omslmsy.fd 2009/10/30 v1.6 Font defs for Latin Modern
)
LaTeX Font Info:    Try loading font information for OMX+lmex on input line 20.


("C:\Program Files\MiKTeX 2.9\tex\latex\lm\omxlmex.fd"
File: omxlmex.fd 2009/10/30 v1.6 Font defs for Latin Modern
)
LaTeX Font Info:    External font `lmex10' loaded for size
(Font)              <12> on input line 20.
LaTeX Font Info:    External font `lmex10' loaded for size
(Font)              <8> on input line 20.
LaTeX Font Info:    External font `lmex10' loaded for size
(Font)              <6> on input line 20.
LaTeX Font Info:    Try loading font information for U+msa on input line 20.

("C:\Program Files\MiKTeX 2.9\tex\latex\amsfonts\umsa.fd"
File: umsa.fd 2013/01/14 v3.01 AMS symbols A
)
LaTeX Font Info:    Try loading font information for U+msb on input line 20.

("C:\Program Files\MiKTeX 2.9\tex\latex\amsfonts\umsb.fd"
File: umsb.fd 2013/01/14 v3.01 AMS symbols B
) [1

{C:/Users/PC-USER/AppData/Local/MiKTeX/2.9/pdftex/config/pdftex.map}]pdfTeX war
ning (ext4): destination with the same identifier (name{page.1}) has been alrea
dy used, duplicate ignored
<to be read again> 
                   \relax 
l.26 \tableofcontents
                      [1

] (StochasticsLabCourse1.toc
LaTeX Font Info:    External font `lmex10' loaded for size
(Font)              <10> on input line 2.
LaTeX Font Info:    External font `lmex10' loaded for size
(Font)              <7> on input line 2.
LaTeX Font Info:    External font `lmex10' loaded for size
(Font)              <5> on input line 2.
 [2

])
\tf@toc=\write4
\openout4 = `StochasticsLabCourse1.toc'.

 [3]
Chapter 1.
[4

]
<1_plot_1.jpeg, id=182, 353.82187pt x 383.18156pt>
File: 1_plot_1.jpeg Graphic file (type jpg)
<use 1_plot_1.jpeg>
Package pdftex.def Info: 1_plot_1.jpeg  used on input line 98.
(pdftex.def)             Requested size: 353.821pt x 383.18062pt.
 [5]
<1_plot_2.jpeg, id=190, 346.29375pt x 374.90062pt>
File: 1_plot_2.jpeg Graphic file (type jpg)
<use 1_plot_2.jpeg>
Package pdftex.def Info: 1_plot_2.jpeg  used on input line 105.
(pdftex.def)             Requested size: 346.2929pt x 374.8997pt.
 [6 <./1_plot_1.jpeg>]
<1_plot_3.jpeg, id=197, 346.29375pt x 374.90062pt>
File: 1_plot_3.jpeg Graphic file (type jpg)
<use 1_plot_3.jpeg>
Package pdftex.def Info: 1_plot_3.jpeg  used on input line 112.
(pdftex.def)             Requested size: 346.2929pt x 374.8997pt.
 [7 <./1_plot_2.jpeg>]
<1_plot_4.jpeg, id=203, 338.76563pt x 366.61969pt>
File: 1_plot_4.jpeg Graphic file (type jpg)
<use 1_plot_4.jpeg>
Package pdftex.def Info: 1_plot_4.jpeg  used on input line 119.
(pdftex.def)             Requested size: 338.76479pt x 366.61879pt.
 [8 <./1_plot_3.jpeg>]
[9 <./1_plot_4.jpeg>]
Chapter 2.
[10

]
<2_plot_1.jpeg, id=224, 376.40625pt x 364.36125pt>
File: 2_plot_1.jpeg Graphic file (type jpg)
<use 2_plot_1.jpeg>
Package pdftex.def Info: 2_plot_1.jpeg  used on input line 146.
(pdftex.def)             Requested size: 376.40532pt x 364.36035pt.
<2_plot_2.jpeg, id=225, 376.40625pt x 364.36125pt>
File: 2_plot_2.jpeg Graphic file (type jpg)
<use 2_plot_2.jpeg>
Package pdftex.def Info: 2_plot_2.jpeg  used on input line 153.
(pdftex.def)             Requested size: 376.40532pt x 364.36035pt.
 [11 <./2_plot_1.jpeg>] [12 <./2_plot_2.jpeg>]
<2_plot_3.jpeg, id=237, 376.40625pt x 364.36125pt>
File: 2_plot_3.jpeg Graphic file (type jpg)
<use 2_plot_3.jpeg>
Package pdftex.def Info: 2_plot_3.jpeg  used on input line 176.
(pdftex.def)             Requested size: 376.40532pt x 364.36035pt.
 [13 <./2_plot_3.jpeg>]
<2_plot_4.jpeg, id=243, 338.76563pt x 366.61969pt>
File: 2_plot_4.jpeg Graphic file (type jpg)
<use 2_plot_4.jpeg>
Package pdftex.def Info: 2_plot_4.jpeg  used on input line 185.
(pdftex.def)             Requested size: 338.76479pt x 366.61879pt.
<2_plot_5.jpeg, id=244, 338.76563pt x 366.61969pt>
File: 2_plot_5.jpeg Graphic file (type jpg)
<use 2_plot_5.jpeg>
Package pdftex.def Info: 2_plot_5.jpeg  used on input line 194.
(pdftex.def)             Requested size: 338.76479pt x 366.61879pt.

[14 <./2_plot_4.jpeg>]
<2_plot_6.jpeg, id=250, 338.76563pt x 366.61969pt>
File: 2_plot_6.jpeg Graphic file (type jpg)
<use 2_plot_6.jpeg>
Package pdftex.def Info: 2_plot_6.jpeg  used on input line 205.
(pdftex.def)             Requested size: 338.76479pt x 366.61879pt.
 [15 <./2_plot_5.jpeg>]
<2_plot_7.jpeg, id=257, 338.76563pt x 366.61969pt>
File: 2_plot_7.jpeg Graphic file (type jpg)
<use 2_plot_7.jpeg>
Package pdftex.def Info: 2_plot_7.jpeg  used on input line 212.
(pdftex.def)             Requested size: 338.76479pt x 366.61879pt.
 [16 <./2_plot_6.jpeg>] [17 <./2_plot_7.jpeg>]
<2_plot_8.jpeg, id=268, 338.76563pt x 366.61969pt>
File: 2_plot_8.jpeg Graphic file (type jpg)
<use 2_plot_8.jpeg>
Package pdftex.def Info: 2_plot_8.jpeg  used on input line 235.
(pdftex.def)             Requested size: 338.76479pt x 366.61879pt.
 [18 <./2_plot_8.jpeg>]
<2_plot_9.jpeg, id=275, 307.90031pt x 333.49594pt>
File: 2_plot_9.jpeg Graphic file (type jpg)
<use 2_plot_9.jpeg>
Package pdftex.def Info: 2_plot_9.jpeg  used on input line 244.
(pdftex.def)             Requested size: 307.89955pt x 333.49512pt.
<2_plot_10.jpeg, id=276, 338.76563pt x 366.61969pt>
File: 2_plot_10.jpeg Graphic file (type jpg)
<use 2_plot_10.jpeg>
Package pdftex.def Info: 2_plot_10.jpeg  used on input line 253.
(pdftex.def)             Requested size: 338.76479pt x 366.61879pt.
 [19 <./2_plot_9.jpeg>] [20 <./2_plot_10.jpeg>]
Chapter 3.
[21

]
<3_plot_1.jpeg, id=292, 338.76563pt x 366.61969pt>
File: 3_plot_1.jpeg Graphic file (type jpg)
<use 3_plot_1.jpeg>
Package pdftex.def Info: 3_plot_1.jpeg  used on input line 280.
(pdftex.def)             Requested size: 338.76479pt x 366.61879pt.
 [22]
<3_plot_2.jpeg, id=298, 338.76563pt x 366.61969pt>
File: 3_plot_2.jpeg Graphic file (type jpg)
<use 3_plot_2.jpeg>
Package pdftex.def Info: 3_plot_2.jpeg  used on input line 287.
(pdftex.def)             Requested size: 338.76479pt x 366.61879pt.
 [23 <./3_plot_1.jpeg>]
<3_plot_3.jpeg, id=304, 338.76563pt x 366.61969pt>
File: 3_plot_3.jpeg Graphic file (type jpg)
<use 3_plot_3.jpeg>
Package pdftex.def Info: 3_plot_3.jpeg  used on input line 294.
(pdftex.def)             Requested size: 338.76479pt x 366.61879pt.
 [24 <./3_plot_2.jpeg>]
<3_plot_4.jpeg, id=311, 338.76563pt x 366.61969pt>
File: 3_plot_4.jpeg Graphic file (type jpg)
<use 3_plot_4.jpeg>
Package pdftex.def Info: 3_plot_4.jpeg  used on input line 303.
(pdftex.def)             Requested size: 338.76479pt x 366.61879pt.
 [25 <./3_plot_3.jpeg>]
<3_plot_5.jpeg, id=317, 338.76563pt x 366.61969pt>
File: 3_plot_5.jpeg Graphic file (type jpg)
<use 3_plot_5.jpeg>
Package pdftex.def Info: 3_plot_5.jpeg  used on input line 310.
(pdftex.def)             Requested size: 338.76479pt x 366.61879pt.

[26 <./3_plot_4.jpeg>] [27 <./3_plot_5.jpeg>]
Chapter 4.

Underfull \hbox (badness 10000) in paragraph at lines 320--322

 []


Underfull \hbox (badness 10000) in paragraph at lines 325--327

 []

LaTeX Font Info:    Try loading font information for OMS+lmr on input line 331.

("C:\Program Files\MiKTeX 2.9\tex\latex\lm\omslmr.fd"
File: omslmr.fd 2009/10/30 v1.6 Font defs for Latin Modern
)
LaTeX Font Info:    Font shape `OMS/lmr/m/n' in size <10> not available
(Font)              Font shape `OMS/lmsy/m/n' tried instead on input line 331.

Underfull \hbox (badness 10000) in paragraph at lines 343--344

 []

[28

] [29]
Underfull \hbox (badness 10000) in paragraph at lines 384--385

 []


Underfull \hbox (badness 10000) in paragraph at lines 385--386

 []

[30]
<4_plots.jpeg, id=362, 323.70938pt x 350.05782pt>
File: 4_plots.jpeg Graphic file (type jpg)
<use 4_plots.jpeg>
Package pdftex.def Info: 4_plots.jpeg  used on input line 406.
(pdftex.def)             Requested size: 323.70859pt x 350.05695pt.
 [31 <./4_plots.jpeg>]
Chapter 5.

Underfull \hbox (badness 10000) in paragraph at lines 417--418

 []

LaTeX Font Info:    Try loading font information for OT1+lmtt on input line 442
.
("C:\Program Files\MiKTeX 2.9\tex\latex\lm\ot1lmtt.fd"
File: ot1lmtt.fd 2009/10/30 v1.6 Font defs for Latin Modern
)
Underfull \hbox (badness 10000) in paragraph at lines 441--444

 []


Underfull \hbox (badness 10000) in paragraph at lines 445--446

 []

[32

] [33]
Chapter 6.
<6_plot_1.jpeg, id=381, 365.11406pt x 395.22656pt>
File: 6_plot_1.jpeg Graphic file (type jpg)
<use 6_plot_1.jpeg>
Package pdftex.def Info: 6_plot_1.jpeg  used on input line 475.
(pdftex.def)             Requested size: 365.11316pt x 395.22559pt.
[34

] [35 <./6_plot_1.jpeg>]
<6_plot_2.jpeg, id=393, 338.76563pt x 366.61969pt>
File: 6_plot_2.jpeg Graphic file (type jpg)
<use 6_plot_2.jpeg>
Package pdftex.def Info: 6_plot_2.jpeg  used on input line 492.
(pdftex.def)             Requested size: 338.76479pt x 366.61879pt.
 [36] [37 <./6_plot_2.jpeg>]
Chapter 7.

Overfull \hbox (13.83788pt too wide) in paragraph at lines 506--507
\T1/lmr/m/n/10 In this ecer-cise, we want to achieve the two main goals of lin-
ear re-gres-sion which are pre-dic-tion/forecasting/
 []

<7_plot_1.jpeg, id=405, 338.76563pt x 366.61969pt>
File: 7_plot_1.jpeg Graphic file (type jpg)
<use 7_plot_1.jpeg>
Package pdftex.def Info: 7_plot_1.jpeg  used on input line 518.
(pdftex.def)             Requested size: 338.76479pt x 366.61879pt.
[38

]
<7_plot_2.jpeg, id=411, 338.76563pt x 366.61969pt>
File: 7_plot_2.jpeg Graphic file (type jpg)
<use 7_plot_2.jpeg>
Package pdftex.def Info: 7_plot_2.jpeg  used on input line 528.
(pdftex.def)             Requested size: 338.76479pt x 366.61879pt.
 [39 <./7_plot_1.jpeg>]
<7_plot_3.jpeg, id=417, 338.76563pt x 366.61969pt>
File: 7_plot_3.jpeg Graphic file (type jpg)
<use 7_plot_3.jpeg>
Package pdftex.def Info: 7_plot_3.jpeg  used on input line 537.
(pdftex.def)             Requested size: 338.76479pt x 366.61879pt.
 [40 <./7_plot_2.jpeg>]
<7_plot_4.jpeg, id=423, 338.76563pt x 366.61969pt>
File: 7_plot_4.jpeg Graphic file (type jpg)
<use 7_plot_4.jpeg>
Package pdftex.def Info: 7_plot_4.jpeg  used on input line 546.
(pdftex.def)             Requested size: 338.76479pt x 366.61879pt.
 [41 <./7_plot_3.jpeg>]
[42 <./7_plot_4.jpeg>]
<7_plot_5.jpeg, id=436, 338.76563pt x 366.61969pt>
File: 7_plot_5.jpeg Graphic file (type jpg)
<use 7_plot_5.jpeg>
Package pdftex.def Info: 7_plot_5.jpeg  used on input line 556.
(pdftex.def)             Requested size: 338.76479pt x 366.61879pt.
 [43 <./7_plot_5.jpeg>]
<7_plot_6.jpeg, id=443, 338.76563pt x 366.61969pt>
File: 7_plot_6.jpeg Graphic file (type jpg)
<use 7_plot_6.jpeg>
Package pdftex.def Info: 7_plot_6.jpeg  used on input line 567.
(pdftex.def)             Requested size: 338.76479pt x 366.61879pt.
 [44 <./7_plot_6.jpeg>] [45]
Chapter 8.
<8_plot_1.jpeg, id=454, 338.76563pt x 366.61969pt>
File: 8_plot_1.jpeg Graphic file (type jpg)
<use 8_plot_1.jpeg>
Package pdftex.def Info: 8_plot_1.jpeg  used on input line 595.
(pdftex.def)             Requested size: 338.76479pt x 366.61879pt.
[46

] [47 <./8_plot_1.jpeg>]
<8_plot_2.jpeg, id=466, 338.76563pt x 366.61969pt>
File: 8_plot_2.jpeg Graphic file (type jpg)
<use 8_plot_2.jpeg>
Package pdftex.def Info: 8_plot_2.jpeg  used on input line 617.
(pdftex.def)             Requested size: 338.76479pt x 366.61879pt.

Underfull \hbox (badness 10000) in paragraph at lines 622--623

 []

[48 <./8_plot_2.jpeg>]
<8_plot_3.jpeg, id=474, 342.5297pt x 371.13657pt>
File: 8_plot_3.jpeg Graphic file (type jpg)
<use 8_plot_3.jpeg>
Package pdftex.def Info: 8_plot_3.jpeg  used on input line 626.
(pdftex.def)             Requested size: 342.52885pt x 371.13565pt.
 [49 <./8_plot_3.jpeg>] [50]
Chapter 9.
[51

]
<9_plot_1.jpeg, id=491, 338.76563pt x 366.61969pt>
File: 9_plot_1.jpeg Graphic file (type jpg)
<use 9_plot_1.jpeg>
Package pdftex.def Info: 9_plot_1.jpeg  used on input line 667.
(pdftex.def)             Requested size: 338.76479pt x 366.61879pt.
 [52]
Underfull \hbox (badness 10000) in paragraph at lines 672--673

 []

<9_plot_2.jpeg, id=499, 307.90031pt x 333.49594pt>
File: 9_plot_2.jpeg Graphic file (type jpg)
<use 9_plot_2.jpeg>
Package pdftex.def Info: 9_plot_2.jpeg  used on input line 679.
(pdftex.def)             Requested size: 307.89955pt x 333.49512pt.
[53 <./9_plot_1.jpeg>] [54 <./9_plot_2.jpeg>]
Chapter 10.
[55

] [56]
<10_plot_1.jpeg, id=525, 323.70938pt x 350.05782pt>
File: 10_plot_1.jpeg Graphic file (type jpg)
<use 10_plot_1.jpeg>
Package pdftex.def Info: 10_plot_1.jpeg  used on input line 802.
(pdftex.def)             Requested size: 323.70859pt x 350.05695pt.
 [57 <./10_plot_1.jpeg>]
Package atveryend Info: Empty hook `BeforeClearDocument' on input line 843.
 [58]
Package atveryend Info: Empty hook `AfterLastShipout' on input line 843.
 (StochasticsLabCourse1.aux)
Package atveryend Info: Executing hook `AtVeryEndDocument' on input line 843.
Package atveryend Info: Executing hook `AtEndAfterFileList' on input line 843.
Package rerunfilecheck Info: File `StochasticsLabCourse1.out' has not changed.
(rerunfilecheck)             Checksum: 18F8C44F59EE2B3D3E2C8D52A782E86A;2066.
Package atveryend Info: Empty hook `AtVeryVeryEnd' on input line 843.
 ) 
Here is how much of TeX's memory you used:
 7462 strings out of 492973
 107526 string characters out of 3135926
 205053 words of memory out of 3000000
 11002 multiletter control sequences out of 15000+200000
 78760 words of font info for 65 fonts, out of 3000000 for 9000
 1141 hyphenation exceptions out of 8191
 28i,7n,28p,869b,526s stack positions out of 5000i,500n,10000p,200000b,50000s
{C:/Program Files/MiKTeX 2.9/fonts/enc/dvips/lm/lm-rm.enc}{C:/Program Files/M
iKTeX 2.9/fonts/enc/dvips/lm/lm-rmtt.enc}{C:/Program Files/MiKTeX 2.9/fonts/enc
/dvips/lm/lm-mathit.enc}{C:/Program Files/MiKTeX 2.9/fonts/enc/dvips/lm/lm-math
ex.enc}{C:/Program Files/MiKTeX 2.9/fonts/enc/dvips/lm/lm-mathsy.enc}{C:/Progra
m Files/MiKTeX 2.9/fonts/enc/dvips/lm/lm-ec.enc}<C:/Program Files/MiKTeX 2.9/fo
nts/type1/public/lm/lmbx10.pfb><C:/Program Files/MiKTeX 2.9/fonts/type1/public/
lm/lmbx12.pfb><C:/Program Files/MiKTeX 2.9/fonts/type1/public/lm/lmex10.pfb><C:
/Program Files/MiKTeX 2.9/fonts/type1/public/lm/lmmi10.pfb><C:/Program Files/Mi
KTeX 2.9/fonts/type1/public/lm/lmmi5.pfb><C:/Program Files/MiKTeX 2.9/fonts/typ
e1/public/lm/lmmi7.pfb><C:/Program Files/MiKTeX 2.9/fonts/type1/public/lm/lmr10
.pfb><C:/Program Files/MiKTeX 2.9/fonts/type1/public/lm/lmr12.pfb><C:/Program F
iles/MiKTeX 2.9/fonts/type1/public/lm/lmr5.pfb><C:/Program Files/MiKTeX 2.9/fon
ts/type1/public/lm/lmr7.pfb><C:/Program Files/MiKTeX 2.9/fonts/type1/public/lm/
lmri10.pfb><C:/Program Files/MiKTeX 2.9/fonts/type1/public/lm/lmro10.pfb><C:/Pr
ogram Files/MiKTeX 2.9/fonts/type1/public/lm/lmsy10.pfb><C:/Program Files/MiKTe
X 2.9/fonts/type1/public/lm/lmsy7.pfb><C:/Program Files/MiKTeX 2.9/fonts/type1/
public/lm/lmtt10.pfb><C:/Program Files/MiKTeX 2.9/fonts/type1/public/amsfonts/s
ymbols/msbm10.pfb>
Output written on StochasticsLabCourse1.pdf (59 pages, 3164759 bytes).
PDF statistics:
 633 PDF objects out of 1000 (max. 8388607)
 172 named destinations out of 1000 (max. 500000)
 411 words of extra memory for PDF output out of 10000 (max. 10000000)

