\BOOKMARK [0][-]{chapter.1}{Tidyverse}{}% 1
\BOOKMARK [1][-]{section.1.1}{Problem description}{chapter.1}% 2
\BOOKMARK [1][-]{section.1.2}{Methods}{chapter.1}% 3
\BOOKMARK [1][-]{section.1.3}{Results}{chapter.1}% 4
\BOOKMARK [0][-]{chapter.2}{Random number generation}{}% 5
\BOOKMARK [1][-]{section.2.1}{Problem description}{chapter.2}% 6
\BOOKMARK [1][-]{section.2.2}{Methods}{chapter.2}% 7
\BOOKMARK [1][-]{section.2.3}{Results}{chapter.2}% 8
\BOOKMARK [0][-]{chapter.3}{Bootstrap}{}% 9
\BOOKMARK [1][-]{section.3.1}{Problem description}{chapter.3}% 10
\BOOKMARK [1][-]{section.3.2}{Methods}{chapter.3}% 11
\BOOKMARK [1][-]{section.3.3}{Results}{chapter.3}% 12
\BOOKMARK [0][-]{chapter.4}{Generalised linear models}{}% 13
\BOOKMARK [1][-]{section.4.1}{Problem description}{chapter.4}% 14
\BOOKMARK [1][-]{section.4.2}{Methods}{chapter.4}% 15
\BOOKMARK [1][-]{section.4.3}{Results}{chapter.4}% 16
\BOOKMARK [0][-]{chapter.5}{Survival analysis}{}% 17
\BOOKMARK [1][-]{section.5.1}{Problem description}{chapter.5}% 18
\BOOKMARK [1][-]{section.5.2}{Methods}{chapter.5}% 19
\BOOKMARK [1][-]{section.5.3}{Results}{chapter.5}% 20
\BOOKMARK [0][-]{chapter.6}{Kernel density estimation}{}% 21
\BOOKMARK [1][-]{section.6.1}{Problem description}{chapter.6}% 22
\BOOKMARK [1][-]{section.6.2}{Methods}{chapter.6}% 23
\BOOKMARK [1][-]{section.6.3}{Results}{chapter.6}% 24
\BOOKMARK [0][-]{chapter.7}{Nonparametric regression: local polynomials}{}% 25
\BOOKMARK [1][-]{section.7.1}{Problem description}{chapter.7}% 26
\BOOKMARK [1][-]{section.7.2}{Methods}{chapter.7}% 27
\BOOKMARK [1][-]{section.7.3}{Results}{chapter.7}% 28
\BOOKMARK [0][-]{chapter.8}{Nonparametric regression: splines}{}% 29
\BOOKMARK [1][-]{section.8.1}{Problem description}{chapter.8}% 30
\BOOKMARK [1][-]{section.8.2}{Methods}{chapter.8}% 31
\BOOKMARK [1][-]{section.8.3}{Results}{chapter.8}% 32
\BOOKMARK [0][-]{chapter.9}{Mixed models}{}% 33
\BOOKMARK [1][-]{section.9.1}{Problem description}{chapter.9}% 34
\BOOKMARK [1][-]{section.9.2}{Methods}{chapter.9}% 35
\BOOKMARK [1][-]{section.9.3}{Results}{chapter.9}% 36
\BOOKMARK [0][-]{chapter.10}{Partial least squares}{}% 37
\BOOKMARK [1][-]{section.10.1}{Problem description}{chapter.10}% 38
\BOOKMARK [1][-]{section.10.2}{Methods}{chapter.10}% 39
\BOOKMARK [1][-]{section.10.3}{Results}{chapter.10}% 40
